<?xml version="1.0" encoding="UTF-8"?>
<!-- Generated by org.testng.reporters.JUnitReportReporter -->
<testsuite skipped="0" hostname="MacBook-Pro.fios-router.home" name="com.syntax.class2.AllAnnotations" tests="1" failures="0" timestamp="2020-09-04T13:14:44 EDT" time="0.007" errors="0">
  <testcase name="testMethod" time="0.007" classname="com.syntax.class2.AllAnnotations"/>
  <system-out/>
</testsuite> <!-- com.syntax.class2.AllAnnotations -->
