<?xml version="1.0" encoding="UTF-8"?>
<!-- Generated by org.testng.reporters.JUnitReportReporter -->
<testsuite skipped="1" hostname="MacBook-Pro.fios-router.home" name="com.syntax.class1.HrmsTestCases1" tests="3" failures="0" timestamp="2020-09-03T11:10:32 EDT" time="12.017" errors="0">
  <testcase name="titleValidation" time="6.271" classname="com.syntax.class1.HrmsTestCases1"/>
  <system-out/>
  <testcase name="validLogin" time="5.746" classname="com.syntax.class1.HrmsTestCases1"/>
  <system-out/>
  <testcase name="invalidLogin" classname="com.syntax.class1.HrmsTestCases1">
    <skipped/>
  </testcase> <!-- invalidLogin -->
  <system-out/>
</testsuite> <!-- com.syntax.class1.HrmsTestCases1 -->
