<?xml version="1.0" encoding="UTF-8"?>
<!-- Generated by org.testng.reporters.JUnitReportReporter -->
<testsuite skipped="1" hostname="MacBook-Pro.fios-router.home" name="com.syntax.class1.HrmsTestCases" tests="3" failures="0" timestamp="2020-09-03T11:37:21 EDT" time="8.941" errors="0">
  <testcase name="titleValidation" time="3.612" classname="com.syntax.class1.HrmsTestCases"/>
  <system-out/>
  <testcase name="validLogin" time="5.329" classname="com.syntax.class1.HrmsTestCases"/>
  <system-out/>
  <testcase name="invalidLogin" classname="com.syntax.class1.HrmsTestCases">
    <skipped/>
  </testcase> <!-- invalidLogin -->
  <system-out/>
</testsuite> <!-- com.syntax.class1.HrmsTestCases -->
