<?xml version="1.0" encoding="UTF-8"?>
<!-- Generated by org.testng.reporters.JUnitReportReporter -->
<testsuite skipped="0" hostname="MacBook-Pro.fios-router.home" name="com.syntax.class1.TestNGIntro" tests="4" failures="0" timestamp="2020-09-02T12:41:44 EDT" time="0.037" errors="0">
  <testcase name="testOne" time="0.012" classname="com.syntax.class1.TestNGIntro"/>
  <system-out/>
  <testcase name="testThree" time="0.004" classname="com.syntax.class1.TestNGIntro"/>
  <system-out/>
  <testcase name="testTwo" time="0.006" classname="com.syntax.class1.TestNGIntro"/>
  <system-out/>
  <testcase name="testFour" time="0.015" classname="com.syntax.class1.TestNGIntro"/>
  <system-out/>
</testsuite> <!-- com.syntax.class1.TestNGIntro -->
