<?xml version="1.0" encoding="UTF-8"?>
<!-- Generated by org.testng.reporters.JUnitReportReporter -->
<testsuite skipped="0" hostname="MacBook-Pro.fios-router.home" name="com.syntax.class1.DifferentAnnotations" tests="3" failures="0" timestamp="2020-09-02T13:29:29 EDT" time="0.013" errors="0">
  <testcase name="testMethod" time="0.005" classname="com.syntax.class1.DifferentAnnotations"/>
  <system-out/>
  <testcase name="testmethod3" time="0.004" classname="com.syntax.class1.DifferentAnnotations"/>
  <system-out/>
  <testcase name="testMethod2" time="0.004" classname="com.syntax.class1.DifferentAnnotations"/>
  <system-out/>
</testsuite> <!-- com.syntax.class1.DifferentAnnotations -->
